<?xml version="1.0" encoding="UTF-8"?>
<coverage generated="1770410250374" clover="3.2.0">
  <project timestamp="1770410250374" name="All files">
    <metrics statements="16" coveredstatements="14" conditionals="22" coveredconditionals="18" methods="8" coveredmethods="7" elements="46" coveredelements="39" complexity="0" loc="16" ncloc="16" packages="2" files="3" classes="3"/>
    <package name="components">
      <metrics statements="9" coveredstatements="9" conditionals="16" coveredconditionals="16" methods="5" coveredmethods="5"/>
      <file name="Services.tsx" path="/Users/jadenmaciel-shapiro/Projects/work/wesleys-cpr/src/components/Services.tsx">
        <metrics statements="6" coveredstatements="6" conditionals="16" coveredconditionals="16" methods="4" coveredmethods="4"/>
        <line num="6" count="5" type="stmt"/>
        <line num="8" count="5" type="stmt"/>
        <line num="61" count="5" type="stmt"/>
        <line num="75" count="30" type="stmt"/>
        <line num="87" count="1" type="stmt"/>
        <line num="97" count="1" type="stmt"/>
      </file>
      <file name="WeeklySchedule.tsx" path="/Users/jadenmaciel-shapiro/Projects/work/wesleys-cpr/src/components/WeeklySchedule.tsx">
        <metrics statements="3" coveredstatements="3" conditionals="0" coveredconditionals="0" methods="1" coveredmethods="1"/>
        <line num="4" count="1" type="stmt"/>
        <line num="5" count="5" type="stmt"/>
        <line num="7" count="5" type="stmt"/>
      </file>
    </package>
    <package name="lib">
      <metrics statements="7" coveredstatements="5" conditionals="6" coveredconditionals="2" methods="3" coveredmethods="2"/>
      <file name="timezone.ts" path="/Users/jadenmaciel-shapiro/Projects/work/wesleys-cpr/src/lib/timezone.ts">
        <metrics statements="7" coveredstatements="5" conditionals="6" coveredconditionals="2" methods="3" coveredmethods="2"/>
        <line num="6" count="1" type="stmt"/>
        <line num="26" count="0" type="cond" truecount="0" falsecount="2"/>
        <line num="27" count="0" type="stmt"/>
        <line num="39" count="5" type="stmt"/>
        <line num="44" count="5" type="stmt"/>
        <line num="45" count="35" type="cond" truecount="1" falsecount="1"/>
        <line num="46" count="5" type="stmt"/>
      </file>
    </package>
  </project>
</coverage>
