<?xml version="1.0" encoding="UTF-8"?>
<coverage generated="1770744830458" clover="3.2.0">
  <project timestamp="1770744830458" name="All files">
    <metrics statements="18" coveredstatements="17" conditionals="10" coveredconditionals="8" methods="7" coveredmethods="7" elements="35" coveredelements="32" complexity="0" loc="18" ncloc="18" packages="4" files="5" classes="5"/>
    <package name="components">
      <metrics statements="6" coveredstatements="6" conditionals="7" coveredconditionals="6" methods="5" coveredmethods="5"/>
      <file name="PricingCard.tsx" path="/Users/jadenmaciel-shapiro/Projects/work/wesleys-cpr/src/components/PricingCard.tsx">
        <metrics statements="2" coveredstatements="2" conditionals="5" coveredconditionals="5" methods="1" coveredmethods="1"/>
        <line num="17" count="8" type="stmt"/>
        <line num="19" count="8" type="stmt"/>
      </file>
      <file name="SubscriptionsSection.tsx" path="/Users/jadenmaciel-shapiro/Projects/work/wesleys-cpr/src/components/SubscriptionsSection.tsx">
        <metrics statements="4" coveredstatements="4" conditionals="2" coveredconditionals="1" methods="4" coveredmethods="4"/>
        <line num="6" count="56" type="stmt"/>
        <line num="8" count="4" type="stmt"/>
        <line num="28" count="12" type="stmt"/>
        <line num="39" count="8" type="stmt"/>
      </file>
    </package>
    <package name="components.ui">
      <metrics statements="5" coveredstatements="4" conditionals="3" coveredconditionals="2" methods="1" coveredmethods="1"/>
      <file name="PrimaryButton.tsx" path="/Users/jadenmaciel-shapiro/Projects/work/wesleys-cpr/src/components/ui/PrimaryButton.tsx">
        <metrics statements="5" coveredstatements="4" conditionals="3" coveredconditionals="2" methods="1" coveredmethods="1"/>
        <line num="19" count="8" type="stmt"/>
        <line num="21" count="8" type="stmt"/>
        <line num="23" count="8" type="cond" truecount="1" falsecount="1"/>
        <line num="24" count="8" type="stmt"/>
        <line num="31" count="0" type="stmt"/>
      </file>
    </package>
    <package name="data">
      <metrics statements="1" coveredstatements="1" conditionals="0" coveredconditionals="0" methods="0" coveredmethods="0"/>
      <file name="courses.ts" path="/Users/jadenmaciel-shapiro/Projects/work/wesleys-cpr/src/data/courses.ts">
        <metrics statements="1" coveredstatements="1" conditionals="0" coveredconditionals="0" methods="0" coveredmethods="0"/>
        <line num="16" count="1" type="stmt"/>
      </file>
    </package>
    <package name="lib">
      <metrics statements="6" coveredstatements="6" conditionals="0" coveredconditionals="0" methods="1" coveredmethods="1"/>
      <file name="fees.ts" path="/Users/jadenmaciel-shapiro/Projects/work/wesleys-cpr/src/lib/fees.ts">
        <metrics statements="6" coveredstatements="6" conditionals="0" coveredconditionals="0" methods="1" coveredmethods="1"/>
        <line num="7" count="1" type="stmt"/>
        <line num="13" count="8" type="stmt"/>
        <line num="14" count="8" type="stmt"/>
        <line num="15" count="8" type="stmt"/>
        <line num="16" count="8" type="stmt"/>
        <line num="17" count="8" type="stmt"/>
      </file>
    </package>
  </project>
</coverage>
