{"/Users/jadenmaciel-shapiro/Projects/work/wesleys-cpr/src/components/About.tsx": {"path":"/Users/jadenmaciel-shapiro/Projects/work/wesleys-cpr/src/components/About.tsx","statementMap":{"0":{"start":{"line":4,"column":19},"end":{"line":25,"column":null}},"1":{"start":{"line":27,"column":20},"end":{"line":43,"column":null}},"2":{"start":{"line":45,"column":2},"end":{"line":108,"column":null}},"3":{"start":{"line":63,"column":12},"end":{"line":72,"column":null}},"4":{"start":{"line":80,"column":14},"end":{"line":88,"column":null}}},"fnMap":{"0":{"name":"About","decl":{"start":{"line":3,"column":24},"end":{"line":3,"column":32}},"loc":{"start":{"line":3,"column":32},"end":{"line":110,"column":null}},"line":3},"1":{"name":"(anonymous_1)","decl":{"start":{"line":62,"column":24},"end":{"line":62,"column":25}},"loc":{"start":{"line":63,"column":12},"end":{"line":72,"column":null}},"line":63},"2":{"name":"(anonymous_2)","decl":{"start":{"line":79,"column":27},"end":{"line":79,"column":28}},"loc":{"start":{"line":80,"column":14},"end":{"line":88,"column":null}},"line":80}},"branchMap":{},"s":{"0":2,"1":2,"2":2,"3":8,"4":6},"f":{"0":2,"1":8,"2":6},"b":{},"meta":{"lastBranch":0,"lastFunction":3,"lastStatement":5,"seen":{"f:3:24:3:32":0,"s:4:19:25:Infinity":0,"s:27:20:43:Infinity":1,"s:45:2:108:Infinity":2,"f:62:24:62:25":1,"s:63:12:72:Infinity":3,"f:79:27:79:28":2,"s:80:14:88:Infinity":4}}}
}
