{"/Users/jadenmaciel-shapiro/Projects/work/wesleys-cpr/src/components/PricingCard.tsx": {"path":"/Users/jadenmaciel-shapiro/Projects/work/wesleys-cpr/src/components/PricingCard.tsx","statementMap":{"0":{"start":{"line":17,"column":21},"end":{"line":17,"column":null}},"1":{"start":{"line":19,"column":2},"end":{"line":52,"column":null}}},"fnMap":{"0":{"name":"PricingCard","decl":{"start":{"line":16,"column":24},"end":{"line":16,"column":36}},"loc":{"start":{"line":16,"column":115},"end":{"line":54,"column":null}},"line":16}},"branchMap":{"0":{"loc":{"start":{"line":16,"column":71},"end":{"line":16,"column":87}},"type":"default-arg","locations":[{"start":{"line":16,"column":83},"end":{"line":16,"column":87}}],"line":16},"1":{"loc":{"start":{"line":21,"column":7},"end":{"line":24,"column":null}},"type":"binary-expr","locations":[{"start":{"line":21,"column":7},"end":{"line":21,"column":null}},{"start":{"line":22,"column":8},"end":{"line":24,"column":null}}],"line":21},"2":{"loc":{"start":{"line":46,"column":9},"end":{"line":49,"column":null}},"type":"binary-expr","locations":[{"start":{"line":46,"column":9},"end":{"line":46,"column":null}},{"start":{"line":47,"column":10},"end":{"line":49,"column":null}}],"line":46}},"s":{"0":8,"1":8},"f":{"0":8},"b":{"0":[8],"1":[8,8],"2":[8,8]},"meta":{"lastBranch":3,"lastFunction":1,"lastStatement":2,"seen":{"f:16:24:16:36":0,"b:16:83:16:87":0,"s:17:21:17:Infinity":0,"s:19:2:52:Infinity":1,"b:21:7:21:Infinity:22:8:24:Infinity":1,"b:46:9:46:Infinity:47:10:49:Infinity":2}}}
,"/Users/jadenmaciel-shapiro/Projects/work/wesleys-cpr/src/components/SubscriptionsSection.tsx": {"path":"/Users/jadenmaciel-shapiro/Projects/work/wesleys-cpr/src/components/SubscriptionsSection.tsx","statementMap":{"0":{"start":{"line":6,"column":24},"end":{"line":6,"column":null}},"1":{"start":{"line":6,"column":46},"end":{"line":6,"column":74}},"2":{"start":{"line":8,"column":2},"end":{"line":56,"column":null}},"3":{"start":{"line":28,"column":16},"end":{"line":31,"column":null}},"4":{"start":{"line":39,"column":14},"end":{"line":51,"column":null}}},"fnMap":{"0":{"name":"SubscriptionsSection","decl":{"start":{"line":5,"column":24},"end":{"line":5,"column":47}},"loc":{"start":{"line":5,"column":47},"end":{"line":58,"column":null}},"line":5},"1":{"name":"(anonymous_1)","decl":{"start":{"line":6,"column":39},"end":{"line":6,"column":40}},"loc":{"start":{"line":6,"column":46},"end":{"line":6,"column":74}},"line":6},"2":{"name":"(anonymous_2)","decl":{"start":{"line":27,"column":73},"end":{"line":27,"column":74}},"loc":{"start":{"line":28,"column":16},"end":{"line":31,"column":null}},"line":28},"3":{"name":"(anonymous_3)","decl":{"start":{"line":38,"column":31},"end":{"line":38,"column":32}},"loc":{"start":{"line":39,"column":14},"end":{"line":51,"column":null}},"line":39}},"branchMap":{"0":{"loc":{"start":{"line":42,"column":23},"end":{"line":42,"column":null}},"type":"cond-expr","locations":[{"start":{"line":42,"column":55},"end":{"line":42,"column":67}},{"start":{"line":42,"column":67},"end":{"line":42,"column":null}}],"line":42}},"s":{"0":4,"1":56,"2":4,"3":12,"4":8},"f":{"0":4,"1":56,"2":12,"3":8},"b":{"0":[8,0]},"meta":{"lastBranch":1,"lastFunction":4,"lastStatement":5,"seen":{"f:5:24:5:47":0,"s:6:24:6:Infinity":0,"f:6:39:6:40":1,"s:6:46:6:74":1,"s:8:2:56:Infinity":2,"f:27:73:27:74":2,"s:28:16:31:Infinity":3,"f:38:31:38:32":3,"s:39:14:51:Infinity":4,"b:42:55:42:67:42:67:42:Infinity":0}}}
,"/Users/jadenmaciel-shapiro/Projects/work/wesleys-cpr/src/components/ui/PrimaryButton.tsx": {"path":"/Users/jadenmaciel-shapiro/Projects/work/wesleys-cpr/src/components/ui/PrimaryButton.tsx","statementMap":{"0":{"start":{"line":19,"column":4},"end":{"line":19,"column":null}},"1":{"start":{"line":21,"column":26},"end":{"line":21,"column":null}},"2":{"start":{"line":23,"column":2},"end":{"line":29,"column":null}},"3":{"start":{"line":24,"column":4},"end":{"line":27,"column":null}},"4":{"start":{"line":31,"column":2},"end":{"line":34,"column":null}}},"fnMap":{"0":{"name":"PrimaryButton","decl":{"start":{"line":12,"column":24},"end":{"line":12,"column":38}},"loc":{"start":{"line":17,"column":23},"end":{"line":36,"column":null}},"line":17}},"branchMap":{"0":{"loc":{"start":{"line":15,"column":2},"end":{"line":15,"column":null}},"type":"default-arg","locations":[{"start":{"line":15,"column":14},"end":{"line":15,"column":null}}],"line":15},"1":{"loc":{"start":{"line":23,"column":2},"end":{"line":29,"column":null}},"type":"if","locations":[{"start":{"line":23,"column":2},"end":{"line":29,"column":null}},{"start":{},"end":{}}],"line":23}},"s":{"0":8,"1":8,"2":8,"3":8,"4":0},"f":{"0":8},"b":{"0":[8],"1":[8,0]},"meta":{"lastBranch":2,"lastFunction":1,"lastStatement":5,"seen":{"f:12:24:12:38":0,"b:15:14:15:Infinity":0,"s:19:4:19:Infinity":0,"s:21:26:21:Infinity":1,"b:23:2:29:Infinity:undefined:undefined:undefined:undefined":1,"s:23:2:29:Infinity":2,"s:24:4:27:Infinity":3,"s:31:2:34:Infinity":4}}}
,"/Users/jadenmaciel-shapiro/Projects/work/wesleys-cpr/src/data/courses.ts": {"path":"/Users/jadenmaciel-shapiro/Projects/work/wesleys-cpr/src/data/courses.ts","statementMap":{"0":{"start":{"line":16,"column":33},"end":{"line":113,"column":null}}},"fnMap":{},"branchMap":{},"s":{"0":1},"f":{},"b":{},"meta":{"lastBranch":0,"lastFunction":0,"lastStatement":1,"seen":{"s:16:33:113:Infinity":0}}}
,"/Users/jadenmaciel-shapiro/Projects/work/wesleys-cpr/src/lib/fees.ts": {"path":"/Users/jadenmaciel-shapiro/Projects/work/wesleys-cpr/src/lib/fees.ts","statementMap":{"0":{"start":{"line":7,"column":20},"end":{"line":10,"column":null}},"1":{"start":{"line":13,"column":14},"end":{"line":13,"column":null}},"2":{"start":{"line":14,"column":15},"end":{"line":14,"column":null}},"3":{"start":{"line":15,"column":14},"end":{"line":15,"column":null}},"4":{"start":{"line":16,"column":16},"end":{"line":16,"column":null}},"5":{"start":{"line":17,"column":2},"end":{"line":17,"column":null}}},"fnMap":{"0":{"name":"calcOnlineFee","decl":{"start":{"line":12,"column":16},"end":{"line":12,"column":30}},"loc":{"start":{"line":12,"column":46},"end":{"line":18,"column":null}},"line":12}},"branchMap":{},"s":{"0":1,"1":8,"2":8,"3":8,"4":8,"5":8},"f":{"0":8},"b":{},"meta":{"lastBranch":0,"lastFunction":1,"lastStatement":6,"seen":{"s:7:20:10:Infinity":0,"f:12:16:12:30":0,"s:13:14:13:Infinity":1,"s:14:15:14:Infinity":2,"s:15:14:15:Infinity":3,"s:16:16:16:Infinity":4,"s:17:2:17:Infinity":5}}}
}
